Using pre-set license
Built from '2021.1/staging' branch; Version is '2021.1.18f1 (25bdc3efbc2d) revision 2473411'; Using compiler version '192528614'; Build Type 'Release'
OS: 'Windows 10 Education; OS build 19042.1348; Version 2009; 64bit' Language: 'en' Physical Memory: 8024 MB
BatchMode: 1, IsHumanControllingUs: 0, StartBugReporterOnCrash: 0, Is64bit: 1, IsPro: 0

COMMAND LINE ARGUMENTS:
C:\Program Files\Unity\Hub\Editor\2021.1.18f1\Editor\Unity.exe
-adb2
-batchMode
-noUpm
-name
AssetImportWorker0
-projectPath
C:/temp/unity projects/Assignment/Joe biden
-logFile
Logs/AssetImportWorker0.log
-srvPort
50375
Successfully changed project path to: C:/temp/unity projects/Assignment/Joe biden
C:/temp/unity projects/Assignment/Joe biden
Using Asset Import Pipeline V2.
Refreshing native plugins compatible for Editor in 155.06 ms, found 6 plugins.
Preloading 1 native plugins for Editor in 1.16 ms.
Initialize engine version: 2021.1.18f1 (25bdc3efbc2d)
[Subsystems] Discovering subsystems at path C:/Program Files/Unity/Hub/Editor/2021.1.18f1/Editor/Data/Resources/UnitySubsystems
[Subsystems] Discovering subsystems at path C:/temp/unity projects/Assignment/Joe biden/Assets
GfxDevice: creating device client; threaded=0; jobified=0
Direct3D:
    Version:  Direct3D 11.0 [level 11.1]
    Renderer: Intel(R) UHD Graphics 630 (ID=0x3e91)
    Vendor:   Intel
    VRAM:     4012 MB
    Driver:   27.20.100.9415
Initialize mono
Mono path[0] = 'C:/Program Files/Unity/Hub/Editor/2021.1.18f1/Editor/Data/Managed'
Mono path[1] = 'C:/Program Files/Unity/Hub/Editor/2021.1.18f1/Editor/Data/MonoBleedingEdge/lib/mono/unityjit'
Mono config path = 'C:/Program Files/Unity/Hub/Editor/2021.1.18f1/Editor/Data/MonoBleedingEdge/etc'
Using monoOptions --debugger-agent=transport=dt_socket,embedding=1,server=y,suspend=n,address=127.0.0.1:56164
Begin MonoManager ReloadAssembly
Registering precompiled unity dll's ...
Register platform support module: C:/Program Files/Unity/Hub/Editor/2021.1.18f1/Editor/Data/PlaybackEngines/WindowsStandaloneSupport/UnityEditor.WindowsStandalone.Extensions.dll
Registered in 0.002302 seconds.
Native extension for WindowsStandalone target not found
Refreshing native plugins compatible for Editor in 135.59 ms, found 6 plugins.
Preloading 1 native plugins for Editor in 0.08 ms.
Mono: successfully reloaded assembly
- Completed reload, in  5.079 seconds
Domain Reload Profiling:
	ReloadAssembly (5079ms)
		BeginReloadAssembly (83ms)
			ExecutionOrderSort (0ms)
			DisableScriptedObjects (0ms)
			BackupInstance (0ms)
			ReleaseScriptingObjects (0ms)
			CreateAndSetChildDomain (1ms)
		EndReloadAssembly (648ms)
			LoadAssemblies (81ms)
			RebuildTransferFunctionScriptingTraits (0ms)
			SetupTypeCache (214ms)
			ReleaseScriptCaches (0ms)
			RebuildScriptCaches (38ms)
			SetupLoadedEditorAssemblies (311ms)
				LogAssemblyErrors (0ms)
				InitializePlatformSupportModulesInManaged (8ms)
				SetLoadedEditorAssemblies (0ms)
				RefreshPlugins (136ms)
				BeforeProcessingInitializeOnLoad (2ms)
				ProcessInitializeOnLoadAttributes (126ms)
				ProcessInitializeOnLoadMethodAttributes (38ms)
				AfterProcessingInitializeOnLoad (0ms)
				EditorAssembliesLoaded (0ms)
			ExecutionOrderSort2 (0ms)
			AwakeInstancesAfterBackupRestoration (0ms)
Platform modules already initialized, skipping
Registering precompiled user dll's ...
Registered in 0.009167 seconds.
Begin MonoManager ReloadAssembly
Symbol file LoadedFromMemory doesn't match image C:\temp\unity projects\Assignment\Joe biden\Library\PackageCache\com.unity.visualscripting@1.6.1\Editor\VisualScripting.Core\Dependencies\YamlDotNet\Unity.VisualScripting.YamlDotNet.dll
Symbol file LoadedFromMemory doesn't match image C:\temp\unity projects\Assignment\Joe biden\Library\PackageCache\com.unity.visualscripting@1.6.1\Editor\VisualScripting.Core\Dependencies\DotNetZip\Unity.VisualScripting.IonicZip.dll
Native extension for WindowsStandalone target not found
Refreshing native plugins compatible for Editor in 136.39 ms, found 6 plugins.
Preloading 1 native plugins for Editor in 0.08 ms.
[XR] OculusXRPlugin: registering subsystems
[XR] Unable to register display lifecyle provider: [1]
[XR] Oculus Input lifecycle provider registered.
[XR] Unable to register input lifecyle provider: [1]
System.Reflection.TargetInvocationException: Exception has been thrown by the target of an invocation. ---> System.NullReferenceException: Object reference not set to an instance of an object
  at Unity.XR.Oculus.OculusLoader.AssetPathToAbsolutePath (System.String assetPath) [0x00048] in C:\temp\unity projects\Assignment\Joe biden\Library\PackageCache\com.unity.xr.oculus@1.10.0\Runtime\OculusLoader.cs:250 
  at Unity.XR.Oculus.OculusLoader.EditorLoadOVRPlugin () [0x0007b] in C:\temp\unity projects\Assignment\Joe biden\Library\PackageCache\com.unity.xr.oculus@1.10.0\Runtime\OculusLoader.cs:235 
  at (wrapper managed-to-native) System.Reflection.MonoMethod.InternalInvoke(System.Reflection.MonoMethod,object,object[],System.Exception&)
  at System.Reflection.MonoMethod.Invoke (System.Object obj, System.Reflection.BindingFlags invokeAttr, System.Reflection.Binder binder, System.Object[] parameters, System.Globalization.CultureInfo culture) [0x00032] in <695d1cc93cca45069c528c15c9fdd749>:0 
   --- End of inner exception stack trace ---
  at System.Reflection.MonoMethod.Invoke (System.Object obj, System.Reflection.BindingFlags invokeAttr, System.Reflection.Binder binder, System.Object[] parameters, System.Globalization.CultureInfo culture) [0x00048] in <695d1cc93cca45069c528c15c9fdd749>:0 
  at System.Reflection.MethodBase.Invoke (System.Object obj, System.Object[] parameters) [0x00000] in <695d1cc93cca45069c528c15c9fdd749>:0 
  at UnityEditor.EditorAssemblies.ProcessInitializeOnLoadMethodAttributes () [0x00047] in <787760f2093d4a7bb881e33fb1e69d90>:0 
UnityEngine.StackTraceUtility:ExtractStackTrace ()
UnityEngine.DebugLogHandler:LogFormat (UnityEngine.LogType,UnityEngine.Object,string,object[])
UnityEngine.Logger:Log (UnityEngine.LogType,object)
UnityEngine.Debug:LogError (object)
UnityEditor.EditorAssemblies:ProcessInitializeOnLoadMethodAttributes ()

Mono: successfully reloaded assembly
- Completed reload, in  2.107 seconds
Domain Reload Profiling:
	ReloadAssembly (2108ms)
		BeginReloadAssembly (196ms)
			ExecutionOrderSort (0ms)
			DisableScriptedObjects (6ms)
			BackupInstance (0ms)
			ReleaseScriptingObjects (0ms)
			CreateAndSetChildDomain (25ms)
		EndReloadAssembly (1838ms)
			LoadAssemblies (130ms)
			RebuildTransferFunctionScriptingTraits (0ms)
			SetupTypeCache (511ms)
			ReleaseScriptCaches (1ms)
			RebuildScriptCaches (70ms)
			SetupLoadedEditorAssemblies (995ms)
				LogAssemblyErrors (0ms)
				InitializePlatformSupportModulesInManaged (6ms)
				SetLoadedEditorAssemblies (0ms)
				RefreshPlugins (137ms)
				BeforeProcessingInitializeOnLoad (129ms)
				ProcessInitializeOnLoadAttributes (687ms)
				ProcessInitializeOnLoadMethodAttributes (30ms)
				AfterProcessingInitializeOnLoad (6ms)
				EditorAssembliesLoaded (0ms)
			ExecutionOrderSort2 (0ms)
			AwakeInstancesAfterBackupRestoration (8ms)
Platform modules already initialized, skipping
========================================================================
Worker process is ready to serve import requests
Launched and connected shader compiler UnityShaderCompiler.exe after 0.10 seconds
Refreshing native plugins compatible for Editor in 0.86 ms, found 6 plugins.
Preloading 1 native plugins for Editor in 0.09 ms.
Unloading 3913 Unused Serialized files (Serialized files now loaded: 0)
System memory in use before: 155.9 MB.
System memory in use after: 156.1 MB.

Unloading 133 unused Assets to reduce memory usage. Loaded Objects now: 4361.
Total: 4.862400 ms (FindLiveObjects: 0.345300 ms CreateObjectMapping: 0.243400 ms MarkObjects: 3.936000 ms  DeleteObjects: 0.336500 ms)

AssetImportParameters requested are different than current active one (requested -> active):
  custom:framework-win-MediaFoundation: 216162199b28c13a410421893ffa2e32 -> 
  custom:video-decoder-ogg-theora: a1e56fd34408186e4bbccfd4996cb3dc -> 
  custom:container-muxer-webm: aa71ff27fc2769a1b78a27578f13a17b -> 
  custom:container-demuxer-webm: 4f35f7cbe854078d1ac9338744f61a02 -> 
  custom:container-demuxer-ogg: 62fdf1f143b41e24485cea50d1cbac27 -> 
  custom:video-encoder-webm-vp8: eb34c28f22e8b96e1ab97ce403110664 -> 
  custom:video-decoder-webm-vp8: 9c59270c3fd7afecdb556c50c9e8de78 -> 
  custom:audio-decoder-ogg-vorbis: bf7c407c2cedff20999df2af8eb42d56 -> 
  custom:audio-encoder-webm-vorbis: bf7c407c2cedff20999df2af8eb42d56 -> 
========================================================================
Received Prepare
Refreshing native plugins compatible for Editor in 5.11 ms, found 6 plugins.
Preloading 1 native plugins for Editor in 0.09 ms.
Unloading 16 Unused Serialized files (Serialized files now loaded: 0)
System memory in use before: 76.5 MB.
System memory in use after: 76.8 MB.

Unloading 16 unused Assets to reduce memory usage. Loaded Objects now: 4361.
Total: 6.427200 ms (FindLiveObjects: 0.378800 ms CreateObjectMapping: 0.387700 ms MarkObjects: 5.629700 ms  DeleteObjects: 0.029300 ms)

AssetImportParameters requested are different than current active one (requested -> active):
  custom:framework-win-MediaFoundation: 216162199b28c13a410421893ffa2e32 -> 
  custom:video-decoder-ogg-theora: a1e56fd34408186e4bbccfd4996cb3dc -> 
  custom:container-muxer-webm: aa71ff27fc2769a1b78a27578f13a17b -> 
  custom:container-demuxer-webm: 4f35f7cbe854078d1ac9338744f61a02 -> 
  custom:container-demuxer-ogg: 62fdf1f143b41e24485cea50d1cbac27 -> 
  custom:video-encoder-webm-vp8: eb34c28f22e8b96e1ab97ce403110664 -> 
  custom:video-decoder-webm-vp8: 9c59270c3fd7afecdb556c50c9e8de78 -> 
  custom:audio-decoder-ogg-vorbis: bf7c407c2cedff20999df2af8eb42d56 -> 
  custom:audio-encoder-webm-vorbis: bf7c407c2cedff20999df2af8eb42d56 -> 
========================================================================
Received Import Request.
  path: Assets/Dexter
  artifactKey: Guid(a6cdbdf682589b744acf1b88bda29863) Importer(815301076,1909f56bfc062723c751e8b465ee728b)
Start importing Assets/Dexter using Guid(a6cdbdf682589b744acf1b88bda29863) Importer(815301076,1909f56bfc062723c751e8b465ee728b)  -> (artifact id: '8d3ef2e450dbeecce0ec9d0beea27bcc') in 0.024541 seconds 
========================================================================
Received Import Request.
  Time since last request: 0.026402 seconds.
  path: Assets/Dexter/forrest_ground_01_ao_1k.jpg
  artifactKey: Guid(a5f1c4d9a2909cf4bbbc1459e2d8abda) Importer(815301076,1909f56bfc062723c751e8b465ee728b)
Start importing Assets/Dexter/forrest_ground_01_ao_1k.jpg using Guid(a5f1c4d9a2909cf4bbbc1459e2d8abda) Importer(815301076,1909f56bfc062723c751e8b465ee728b)  -> (artifact id: 'c6bf20b46a2177c3ef860bb132400bfc') in 0.095369 seconds 
========================================================================
Received Import Request.
  Time since last request: 0.000260 seconds.
  path: Assets/Dexter/KCSky.mat
  artifactKey: Guid(26787519b0774164fb76a6237359795b) Importer(815301076,1909f56bfc062723c751e8b465ee728b)
Start importing Assets/Dexter/KCSky.mat using Guid(26787519b0774164fb76a6237359795b) Importer(815301076,1909f56bfc062723c751e8b465ee728b)  -> (artifact id: 'a383898204c474d9d53e9d3fa7a6f08a') in 0.534585 seconds 
========================================================================
Received Import Request.
  Time since last request: 0.000313 seconds.
  path: Assets/Dexter/Grass.mat
  artifactKey: Guid(465c936f6ed4bb84abf21953f9ede9ac) Importer(815301076,1909f56bfc062723c751e8b465ee728b)
Start importing Assets/Dexter/Grass.mat using Guid(465c936f6ed4bb84abf21953f9ede9ac) Importer(815301076,1909f56bfc062723c751e8b465ee728b)  -> (artifact id: '48af451275fd137df65675e0ea6ae473') in 0.112478 seconds 
========================================================================
Received Import Request.
  Time since last request: 0.000287 seconds.
  path: Assets/Dexter/wide_street_02_4k.exr
  artifactKey: Guid(225eae6652a959b4dbcd9d125caad986) Importer(815301076,1909f56bfc062723c751e8b465ee728b)
Start importing Assets/Dexter/wide_street_02_4k.exr using Guid(225eae6652a959b4dbcd9d125caad986) Importer(815301076,1909f56bfc062723c751e8b465ee728b)  -> (artifact id: '0810ba3048d648d5878a88034bdcd0a4') in 0.498495 seconds 
========================================================================
Received Import Request.
  Time since last request: 0.000320 seconds.
  path: Assets/Dexter/forrest_ground_01_nor_gl_1k.jpg
  artifactKey: Guid(3d51ba560b276ea419928c400a099a9e) Importer(815301076,1909f56bfc062723c751e8b465ee728b)
Start importing Assets/Dexter/forrest_ground_01_nor_gl_1k.jpg using Guid(3d51ba560b276ea419928c400a099a9e) Importer(815301076,1909f56bfc062723c751e8b465ee728b)  -> (artifact id: '01c4c115c29840d522de3797c9cefba7') in 0.064482 seconds 
========================================================================
Received Import Request.
  Time since last request: 0.000311 seconds.
  path: Assets/Dexter/forrest_ground_01_disp_1k.jpg
  artifactKey: Guid(b2b9a5f7cd13ef9429e85b377a706344) Importer(815301076,1909f56bfc062723c751e8b465ee728b)
Start importing Assets/Dexter/forrest_ground_01_disp_1k.jpg using Guid(b2b9a5f7cd13ef9429e85b377a706344) Importer(815301076,1909f56bfc062723c751e8b465ee728b)  -> (artifact id: 'e3850e8a89f7933a40a998032b4e046f') in 0.027478 seconds 
========================================================================
Received Import Request.
  Time since last request: 0.000284 seconds.
  path: Assets/Dexter/forrest_ground_01_diff_1k.jpg
  artifactKey: Guid(393213876e3dfc34c95ddba1f1feac11) Importer(815301076,1909f56bfc062723c751e8b465ee728b)
Start importing Assets/Dexter/forrest_ground_01_diff_1k.jpg using Guid(393213876e3dfc34c95ddba1f1feac11) Importer(815301076,1909f56bfc062723c751e8b465ee728b)  -> (artifact id: 'dd94bb89a0d7d63cf069b1fd30f667ab') in 0.032982 seconds 
========================================================================
Received Import Request.
  Time since last request: 0.000306 seconds.
  path: Assets/Dexter/roblox character.fbx
  artifactKey: Guid(94b5d96a772a9e043b32375b52a8686b) Importer(815301076,1909f56bfc062723c751e8b465ee728b)
Start importing Assets/Dexter/roblox character.fbx using Guid(94b5d96a772a9e043b32375b52a8686b) Importer(815301076,1909f56bfc062723c751e8b465ee728b)  -> (artifact id: '384809397bf73ac34957f74d0e31e874') in 0.193247 seconds 
========================================================================
Received Import Request.
  Time since last request: 0.593740 seconds.
  path: Assets/Dexter/Suspicious.jpg
  artifactKey: Guid(b1f305bd1a8eace4582aed0186551734) Importer(815301076,1909f56bfc062723c751e8b465ee728b)
Start importing Assets/Dexter/Suspicious.jpg using Guid(b1f305bd1a8eace4582aed0186551734) Importer(815301076,1909f56bfc062723c751e8b465ee728b)  -> (artifact id: '89af379108049f87a3d326f1d50cb59f') in 0.030892 seconds 
========================================================================
Received Import Request.
  Time since last request: 21.540236 seconds.
  path: Assets/Dexter/Sus.mat
  artifactKey: Guid(ac9b1ec0c49990b4ab8d218a6b75225b) Importer(815301076,1909f56bfc062723c751e8b465ee728b)
Start importing Assets/Dexter/Sus.mat using Guid(ac9b1ec0c49990b4ab8d218a6b75225b) Importer(815301076,1909f56bfc062723c751e8b465ee728b)  -> (artifact id: '63a62757945352c18bba0783864dea73') in 0.023701 seconds 
========================================================================
Received Import Request.
  Time since last request: 90.851558 seconds.
  path: Assets/Dexter/Sus.mat
  artifactKey: Guid(ac9b1ec0c49990b4ab8d218a6b75225b) Importer(815301076,1909f56bfc062723c751e8b465ee728b)
Start importing Assets/Dexter/Sus.mat using Guid(ac9b1ec0c49990b4ab8d218a6b75225b) Importer(815301076,1909f56bfc062723c751e8b465ee728b)  -> (artifact id: '8a150dd4fb12ceac53dd738838f550bd') in 0.034415 seconds 
========================================================================
Received Import Request.
  Time since last request: 13.282541 seconds.
  path: Assets/Dexter/Sus.mat
  artifactKey: Guid(ac9b1ec0c49990b4ab8d218a6b75225b) Importer(815301076,1909f56bfc062723c751e8b465ee728b)
Start importing Assets/Dexter/Sus.mat using Guid(ac9b1ec0c49990b4ab8d218a6b75225b) Importer(815301076,1909f56bfc062723c751e8b465ee728b)  -> (artifact id: '97ba4c972fcdf20910b8ba77b02e4db9') in 0.064916 seconds 
========================================================================
Received Import Request.
  Time since last request: 9.497907 seconds.
  path: Assets/Dexter/particool/StarMaterial.mat
  artifactKey: Guid(634ce49f07f4ca74f90ae476d7223d0e) Importer(815301076,1909f56bfc062723c751e8b465ee728b)
Start importing Assets/Dexter/particool/StarMaterial.mat using Guid(634ce49f07f4ca74f90ae476d7223d0e) Importer(815301076,1909f56bfc062723c751e8b465ee728b)  -> (artifact id: '2c2bf6360a0b9c620417f3e7d28593eb') in 0.051830 seconds 
========================================================================
Received Prepare
Refreshing native plugins compatible for Editor in 5.08 ms, found 6 plugins.
Preloading 1 native plugins for Editor in 0.08 ms.
Unloading 16 Unused Serialized files (Serialized files now loaded: 0)
System memory in use before: 81.0 MB.
System memory in use after: 81.2 MB.

Unloading 16 unused Assets to reduce memory usage. Loaded Objects now: 4413.
Total: 6.009600 ms (FindLiveObjects: 0.354600 ms CreateObjectMapping: 0.259700 ms MarkObjects: 5.370800 ms  DeleteObjects: 0.023200 ms)

AssetImportParameters requested are different than current active one (requested -> active):
  custom:framework-win-MediaFoundation: 216162199b28c13a410421893ffa2e32 -> 
  custom:video-decoder-ogg-theora: a1e56fd34408186e4bbccfd4996cb3dc -> 
  custom:container-muxer-webm: aa71ff27fc2769a1b78a27578f13a17b -> 
  custom:container-demuxer-webm: 4f35f7cbe854078d1ac9338744f61a02 -> 
  custom:container-demuxer-ogg: 62fdf1f143b41e24485cea50d1cbac27 -> 
  custom:video-encoder-webm-vp8: eb34c28f22e8b96e1ab97ce403110664 -> 
  custom:video-decoder-webm-vp8: 9c59270c3fd7afecdb556c50c9e8de78 -> 
  custom:audio-decoder-ogg-vorbis: bf7c407c2cedff20999df2af8eb42d56 -> 
  custom:audio-encoder-webm-vorbis: bf7c407c2cedff20999df2af8eb42d56 -> 
========================================================================
Received Prepare
Refreshing native plugins compatible for Editor in 4.54 ms, found 6 plugins.
Preloading 1 native plugins for Editor in 0.08 ms.
Unloading 16 Unused Serialized files (Serialized files now loaded: 0)
System memory in use before: 81.0 MB.
System memory in use after: 81.2 MB.

Unloading 16 unused Assets to reduce memory usage. Loaded Objects now: 4413.
Total: 5.093300 ms (FindLiveObjects: 0.549400 ms CreateObjectMapping: 0.424700 ms MarkObjects: 4.095500 ms  DeleteObjects: 0.020600 ms)

AssetImportParameters requested are different than current active one (requested -> active):
  custom:framework-win-MediaFoundation: 216162199b28c13a410421893ffa2e32 -> 
  custom:video-decoder-ogg-theora: a1e56fd34408186e4bbccfd4996cb3dc -> 
  custom:container-muxer-webm: aa71ff27fc2769a1b78a27578f13a17b -> 
  custom:container-demuxer-webm: 4f35f7cbe854078d1ac9338744f61a02 -> 
  custom:container-demuxer-ogg: 62fdf1f143b41e24485cea50d1cbac27 -> 
  custom:video-encoder-webm-vp8: eb34c28f22e8b96e1ab97ce403110664 -> 
  custom:video-decoder-webm-vp8: 9c59270c3fd7afecdb556c50c9e8de78 -> 
  custom:audio-decoder-ogg-vorbis: bf7c407c2cedff20999df2af8eb42d56 -> 
  custom:audio-encoder-webm-vorbis: bf7c407c2cedff20999df2af8eb42d56 -> 
========================================================================
Received Prepare
Refreshing native plugins compatible for Editor in 4.62 ms, found 6 plugins.
Preloading 1 native plugins for Editor in 0.08 ms.
Unloading 16 Unused Serialized files (Serialized files now loaded: 0)
System memory in use before: 81.0 MB.
System memory in use after: 81.2 MB.

Unloading 16 unused Assets to reduce memory usage. Loaded Objects now: 4413.
Total: 5.162900 ms (FindLiveObjects: 0.321700 ms CreateObjectMapping: 0.238600 ms MarkObjects: 4.574500 ms  DeleteObjects: 0.026400 ms)

AssetImportParameters requested are different than current active one (requested -> active):
  custom:framework-win-MediaFoundation: 216162199b28c13a410421893ffa2e32 -> 
  custom:video-decoder-ogg-theora: a1e56fd34408186e4bbccfd4996cb3dc -> 
  custom:container-muxer-webm: aa71ff27fc2769a1b78a27578f13a17b -> 
  custom:container-demuxer-webm: 4f35f7cbe854078d1ac9338744f61a02 -> 
  custom:container-demuxer-ogg: 62fdf1f143b41e24485cea50d1cbac27 -> 
  custom:video-encoder-webm-vp8: eb34c28f22e8b96e1ab97ce403110664 -> 
  custom:video-decoder-webm-vp8: 9c59270c3fd7afecdb556c50c9e8de78 -> 
  custom:audio-decoder-ogg-vorbis: bf7c407c2cedff20999df2af8eb42d56 -> 
  custom:audio-encoder-webm-vorbis: bf7c407c2cedff20999df2af8eb42d56 -> 
AssetImportWorkerClient::OnTransportError - code=2 error=End of file
