Using pre-set license
Built from '2021.1/staging' branch; Version is '2021.1.18f1 (25bdc3efbc2d) revision 2473411'; Using compiler version '192528614'; Build Type 'Release'
OS: 'Windows 10 Pro; OS build 19043.1348; Version 2009; 64bit' Language: 'en' Physical Memory: 32716 MB
BatchMode: 1, IsHumanControllingUs: 0, StartBugReporterOnCrash: 0, Is64bit: 1, IsPro: 0

COMMAND LINE ARGUMENTS:
D:\Unity\Unity 2021.1.18f1\Editor\Unity.exe
-adb2
-batchMode
-noUpm
-name
AssetImportWorker0
-projectPath
C:/temp/Assignment/Assignment/Advent Calendar
-logFile
Logs/AssetImportWorker0.log
-srvPort
49368
Successfully changed project path to: C:/temp/Assignment/Assignment/Advent Calendar
C:/temp/Assignment/Assignment/Advent Calendar
Using Asset Import Pipeline V2.
Refreshing native plugins compatible for Editor in 128.89 ms, found 4 plugins.
Preloading 0 native plugins for Editor in 0.00 ms.
Initialize engine version: 2021.1.18f1 (25bdc3efbc2d)
[Subsystems] Discovering subsystems at path D:/Unity/Unity 2021.1.18f1/Editor/Data/Resources/UnitySubsystems
[Subsystems] Discovering subsystems at path C:/temp/Assignment/Assignment/Advent Calendar/Assets
GfxDevice: creating device client; threaded=0; jobified=0
Direct3D:
    Version:  Direct3D 11.0 [level 11.1]
    Renderer: NVIDIA GeForce RTX 2060 (ID=0x1f08)
    Vendor:   NVIDIA
    VRAM:     5980 MB
    Driver:   30.0.14.9676
Initialize mono
Mono path[0] = 'D:/Unity/Unity 2021.1.18f1/Editor/Data/Managed'
Mono path[1] = 'D:/Unity/Unity 2021.1.18f1/Editor/Data/MonoBleedingEdge/lib/mono/unityjit'
Mono config path = 'D:/Unity/Unity 2021.1.18f1/Editor/Data/MonoBleedingEdge/etc'
Using monoOptions --debugger-agent=transport=dt_socket,embedding=1,server=y,suspend=n,address=127.0.0.1:56276
Begin MonoManager ReloadAssembly
Registering precompiled unity dll's ...
Register platform support module: D:/Unity/Unity 2021.1.18f1/Editor/Data/PlaybackEngines/WindowsStandaloneSupport/UnityEditor.WindowsStandalone.Extensions.dll
Registered in 0.008132 seconds.
Native extension for WindowsStandalone target not found
Refreshing native plugins compatible for Editor in 125.52 ms, found 4 plugins.
Preloading 0 native plugins for Editor in 0.00 ms.
Mono: successfully reloaded assembly
- Completed reload, in  4.103 seconds
Domain Reload Profiling:
	ReloadAssembly (4103ms)
		BeginReloadAssembly (167ms)
			ExecutionOrderSort (0ms)
			DisableScriptedObjects (0ms)
			BackupInstance (0ms)
			ReleaseScriptingObjects (0ms)
			CreateAndSetChildDomain (1ms)
		EndReloadAssembly (679ms)
			LoadAssemblies (157ms)
			RebuildTransferFunctionScriptingTraits (0ms)
			SetupTypeCache (237ms)
			ReleaseScriptCaches (0ms)
			RebuildScriptCaches (37ms)
			SetupLoadedEditorAssemblies (316ms)
				LogAssemblyErrors (0ms)
				InitializePlatformSupportModulesInManaged (9ms)
				SetLoadedEditorAssemblies (0ms)
				RefreshPlugins (126ms)
				BeforeProcessingInitializeOnLoad (2ms)
				ProcessInitializeOnLoadAttributes (138ms)
				ProcessInitializeOnLoadMethodAttributes (42ms)
				AfterProcessingInitializeOnLoad (0ms)
				EditorAssembliesLoaded (0ms)
			ExecutionOrderSort2 (0ms)
			AwakeInstancesAfterBackupRestoration (0ms)
Platform modules already initialized, skipping
Registering precompiled user dll's ...
Registered in 0.012924 seconds.
Begin MonoManager ReloadAssembly
Symbol file LoadedFromMemory doesn't match image C:\temp\Assignment\Assignment\Advent Calendar\Library\PackageCache\com.unity.visualscripting@1.6.1\Editor\VisualScripting.Core\Dependencies\YamlDotNet\Unity.VisualScripting.YamlDotNet.dll
Symbol file LoadedFromMemory doesn't match image C:\temp\Assignment\Assignment\Advent Calendar\Library\PackageCache\com.unity.visualscripting@1.6.1\Editor\VisualScripting.Core\Dependencies\DotNetZip\Unity.VisualScripting.IonicZip.dll
Native extension for WindowsStandalone target not found
Refreshing native plugins compatible for Editor in 124.73 ms, found 4 plugins.
Preloading 0 native plugins for Editor in 0.00 ms.
Mono: successfully reloaded assembly
- Completed reload, in  2.013 seconds
Domain Reload Profiling:
	ReloadAssembly (2014ms)
		BeginReloadAssembly (292ms)
			ExecutionOrderSort (0ms)
			DisableScriptedObjects (6ms)
			BackupInstance (0ms)
			ReleaseScriptingObjects (0ms)
			CreateAndSetChildDomain (25ms)
		EndReloadAssembly (1600ms)
			LoadAssemblies (217ms)
			RebuildTransferFunctionScriptingTraits (0ms)
			SetupTypeCache (495ms)
			ReleaseScriptCaches (1ms)
			RebuildScriptCaches (67ms)
			SetupLoadedEditorAssemblies (739ms)
				LogAssemblyErrors (0ms)
				InitializePlatformSupportModulesInManaged (6ms)
				SetLoadedEditorAssemblies (0ms)
				RefreshPlugins (125ms)
				BeforeProcessingInitializeOnLoad (125ms)
				ProcessInitializeOnLoadAttributes (440ms)
				ProcessInitializeOnLoadMethodAttributes (12ms)
				AfterProcessingInitializeOnLoad (30ms)
				EditorAssembliesLoaded (0ms)
			ExecutionOrderSort2 (0ms)
			AwakeInstancesAfterBackupRestoration (10ms)
Platform modules already initialized, skipping
========================================================================
Worker process is ready to serve import requests
Launched and connected shader compiler UnityShaderCompiler.exe after 0.09 seconds
Refreshing native plugins compatible for Editor in 1.59 ms, found 4 plugins.
Preloading 0 native plugins for Editor in 0.00 ms.
Unloading 3520 Unused Serialized files (Serialized files now loaded: 0)
System memory in use before: 131.6 MB.
System memory in use after: 131.8 MB.

Unloading 27 unused Assets to reduce memory usage. Loaded Objects now: 3963.
Total: 4.696400 ms (FindLiveObjects: 0.353300 ms CreateObjectMapping: 0.106600 ms MarkObjects: 4.146800 ms  DeleteObjects: 0.087800 ms)

AssetImportParameters requested are different than current active one (requested -> active):
  custom:framework-win-MediaFoundation: 216162199b28c13a410421893ffa2e32 -> 
  custom:video-decoder-ogg-theora: a1e56fd34408186e4bbccfd4996cb3dc -> 
  custom:container-muxer-webm: aa71ff27fc2769a1b78a27578f13a17b -> 
  custom:container-demuxer-webm: 4f35f7cbe854078d1ac9338744f61a02 -> 
  custom:container-demuxer-ogg: 62fdf1f143b41e24485cea50d1cbac27 -> 
  custom:video-encoder-webm-vp8: eb34c28f22e8b96e1ab97ce403110664 -> 
  custom:video-codec-MediaFoundation-h265: 746d11721c4dcdbdad8f713fa42b33f4 -> 
  custom:video-decoder-webm-vp8: 9c59270c3fd7afecdb556c50c9e8de78 -> 
  custom:audio-decoder-ogg-vorbis: bf7c407c2cedff20999df2af8eb42d56 -> 
  custom:audio-encoder-webm-vorbis: bf7c407c2cedff20999df2af8eb42d56 -> 
========================================================================
Received Import Request.
  path: Assets/Music/Bloo Passport.wav
  artifactKey: Guid(fae2809e3d2fdcd478a768120b12e0c6) Importer(2089858483,934ff659095e30574adcf32a4c2f97b5)
Start importing Assets/Music/Bloo Passport.wav using Guid(fae2809e3d2fdcd478a768120b12e0c6) Importer(2089858483,934ff659095e30574adcf32a4c2f97b5)  -> (artifact id: '0c2c6424af57cd025cae0959bf4a36d9') in 0.118866 seconds 
========================================================================
Received Import Request.
  Time since last request: 0.000406 seconds.
  path: Assets/Music/The Mood is Right/And Spirits Up.mp3
  artifactKey: Guid(f2965fe21dcd8a94c8c3bfa6ddf8303d) Importer(2089858483,934ff659095e30574adcf32a4c2f97b5)
Start importing Assets/Music/The Mood is Right/And Spirits Up.mp3 using Guid(f2965fe21dcd8a94c8c3bfa6ddf8303d) Importer(2089858483,934ff659095e30574adcf32a4c2f97b5)  -> (artifact id: '99c39ec7c551bd786a0e3f538060d171') in 0.011550 seconds 
========================================================================
Received Import Request.
  Time since last request: 0.000354 seconds.
  path: Assets/Music/spongebob-boowomp.mp3
  artifactKey: Guid(60571ad56dd6e5243ad568359f62c22d) Importer(2089858483,934ff659095e30574adcf32a4c2f97b5)
Start importing Assets/Music/spongebob-boowomp.mp3 using Guid(60571ad56dd6e5243ad568359f62c22d) Importer(2089858483,934ff659095e30574adcf32a4c2f97b5)  -> (artifact id: 'df9d0f025c142661413bb3f96d8e23f2') in 0.011225 seconds 
========================================================================
Received Import Request.
  Time since last request: 0.000467 seconds.
  path: Assets/Models/snow.obj
  artifactKey: Guid(49a3aa13bded6f14380840d9a3b79898) Importer(2089858483,934ff659095e30574adcf32a4c2f97b5)
Start importing Assets/Models/snow.obj using Guid(49a3aa13bded6f14380840d9a3b79898) Importer(2089858483,934ff659095e30574adcf32a4c2f97b5)  -> (artifact id: '91a35a9013025119573e88a743ea6090') in 0.069574 seconds 
========================================================================
Received Import Request.
  Time since last request: 0.000334 seconds.
  path: Assets/Sprites/snowball.png
  artifactKey: Guid(0171c323c23b9fe41a29b16c7e9b49ff) Importer(2089858483,934ff659095e30574adcf32a4c2f97b5)
Start importing Assets/Sprites/snowball.png using Guid(0171c323c23b9fe41a29b16c7e9b49ff) Importer(2089858483,934ff659095e30574adcf32a4c2f97b5)  -> (artifact id: '0cde53e7e4f14ddf3a7d72f5c9a95905') in 0.018102 seconds 
========================================================================
Received Import Request.
  Time since last request: 0.000410 seconds.
  path: Assets/Models/snow.png
  artifactKey: Guid(6df1f8850e9958540a8ebf5c54e90cbd) Importer(2089858483,934ff659095e30574adcf32a4c2f97b5)
Start importing Assets/Models/snow.png using Guid(6df1f8850e9958540a8ebf5c54e90cbd) Importer(2089858483,934ff659095e30574adcf32a4c2f97b5)  -> (artifact id: '3c95556ef739367d43b32e5819fd1436') in 0.009419 seconds 
========================================================================
Received Import Request.
  Time since last request: 0.000416 seconds.
  path: Assets/Sprites/Advent.psb
  artifactKey: Guid(2d7e0ac1befb8a744aa2f65bde0ea716) Importer(2089858483,934ff659095e30574adcf32a4c2f97b5)
Start importing Assets/Sprites/Advent.psb using Guid(2d7e0ac1befb8a744aa2f65bde0ea716) Importer(2089858483,934ff659095e30574adcf32a4c2f97b5)  -> (artifact id: '5540b91320d3d20e5522e392ebb7567f') in 0.102956 seconds 
========================================================================
Received Import Request.
  Time since last request: 0.000390 seconds.
  path: Assets/Sprites/snowball.mat
  artifactKey: Guid(64eb4bc0301ee8145b14f4fd05c0aa7e) Importer(2089858483,934ff659095e30574adcf32a4c2f97b5)
Start importing Assets/Sprites/snowball.mat using Guid(64eb4bc0301ee8145b14f4fd05c0aa7e) Importer(2089858483,934ff659095e30574adcf32a4c2f97b5)  -> (artifact id: '7960a5048ca4bff4e2d36bf6eeb37b12') in 0.013606 seconds 
========================================================================
Received Import Request.
  Time since last request: 0.000378 seconds.
  path: Assets/Models/snownormal.png
  artifactKey: Guid(8d9430e75f04f56419ab22554f856e53) Importer(2089858483,934ff659095e30574adcf32a4c2f97b5)
Start importing Assets/Models/snownormal.png using Guid(8d9430e75f04f56419ab22554f856e53) Importer(2089858483,934ff659095e30574adcf32a4c2f97b5)  -> (artifact id: '465a8286a89687d80dfe55e88cd087c7') in 0.011130 seconds 
========================================================================
Received Import Request.
  Time since last request: 0.000342 seconds.
  path: Assets/Scripts/ButtonScript.cs
  artifactKey: Guid(e6f05561d91ad734ea6c0ec3fdfbbdb3) Importer(2089858483,934ff659095e30574adcf32a4c2f97b5)
Start importing Assets/Scripts/ButtonScript.cs using Guid(e6f05561d91ad734ea6c0ec3fdfbbdb3) Importer(2089858483,934ff659095e30574adcf32a4c2f97b5)  -> (artifact id: '19db5776dd3e3a369fc5ed9eb27f280b') in 0.012430 seconds 
========================================================================
Received Import Request.
  Time since last request: 0.000392 seconds.
  path: Assets/Scenes/SampleScene.unity
  artifactKey: Guid(9fc0d4010bbf28b4594072e72b8655ab) Importer(2089858483,934ff659095e30574adcf32a4c2f97b5)
Start importing Assets/Scenes/SampleScene.unity using Guid(9fc0d4010bbf28b4594072e72b8655ab) Importer(2089858483,934ff659095e30574adcf32a4c2f97b5)  -> (artifact id: '6799f077c101fd4e4ee993b13c6d80b1') in 0.008933 seconds 
========================================================================
Received Import Request.
  Time since last request: 0.000375 seconds.
  path: Assets/Music/role reveal.mp3
  artifactKey: Guid(47664530f49199544b8c86a51c64daa5) Importer(2089858483,934ff659095e30574adcf32a4c2f97b5)
Start importing Assets/Music/role reveal.mp3 using Guid(47664530f49199544b8c86a51c64daa5) Importer(2089858483,934ff659095e30574adcf32a4c2f97b5)  -> (artifact id: '9d61210bff6c04373ac1ff7b6584d317') in 0.009380 seconds 
========================================================================
Received Import Request.
  Time since last request: 0.000368 seconds.
  path: Assets/Models/Materials/snow.mat
  artifactKey: Guid(c4270d423f01499488e3c429475939f8) Importer(2089858483,934ff659095e30574adcf32a4c2f97b5)
Start importing Assets/Models/Materials/snow.mat using Guid(c4270d423f01499488e3c429475939f8) Importer(2089858483,934ff659095e30574adcf32a4c2f97b5)  -> (artifact id: 'aeb2a7f3df95ced0606da90691a95873') in 0.007973 seconds 
========================================================================
Received Import Request.
  Time since last request: 0.000371 seconds.
  path: Assets/Models/Snow.mat
  artifactKey: Guid(2a83d53a6c8a3904c8ec8ae7d3f875f5) Importer(2089858483,934ff659095e30574adcf32a4c2f97b5)
Start importing Assets/Models/Snow.mat using Guid(2a83d53a6c8a3904c8ec8ae7d3f875f5) Importer(2089858483,934ff659095e30574adcf32a4c2f97b5)  -> (artifact id: '345328b72658c3deedfacf073c7324a4') in 0.008859 seconds 
========================================================================
Received Import Request.
  Time since last request: 0.000377 seconds.
  path: Assets/Sprites/Contents/Adventcontent.png
  artifactKey: Guid(08eb66c2c7a350942a04ca8720dde978) Importer(2089858483,934ff659095e30574adcf32a4c2f97b5)
Start importing Assets/Sprites/Contents/Adventcontent.png using Guid(08eb66c2c7a350942a04ca8720dde978) Importer(2089858483,934ff659095e30574adcf32a4c2f97b5)  -> (artifact id: 'd4589a5d02227625102982e0ad7428e2') in 0.014049 seconds 
========================================================================
Received Import Request.
  Time since last request: 0.000380 seconds.
  path: Assets/Music/yt1s.io - Clash Royale he he he ha (sound effect) (128 kbps).wav
  artifactKey: Guid(f80ae45153145ad4ea5fbce866602cc3) Importer(2089858483,934ff659095e30574adcf32a4c2f97b5)
Start importing Assets/Music/yt1s.io - Clash Royale he he he ha (sound effect) (128 kbps).wav using Guid(f80ae45153145ad4ea5fbce866602cc3) Importer(2089858483,934ff659095e30574adcf32a4c2f97b5)  -> (artifact id: '5d4f89b4e57bc7d5e3adfcbb93c79ac1') in 0.010268 seconds 
========================================================================
Received Prepare
Refreshing native plugins compatible for Editor in 10.91 ms, found 4 plugins.
Preloading 0 native plugins for Editor in 0.00 ms.
Unloading 18 Unused Serialized files (Serialized files now loaded: 0)
System memory in use before: 61.9 MB.
System memory in use after: 62.1 MB.

Unloading 18 unused Assets to reduce memory usage. Loaded Objects now: 3963.
Total: 6.476100 ms (FindLiveObjects: 0.570800 ms CreateObjectMapping: 0.214700 ms MarkObjects: 5.663700 ms  DeleteObjects: 0.024900 ms)

AssetImportParameters requested are different than current active one (requested -> active):
  custom:framework-win-MediaFoundation: 216162199b28c13a410421893ffa2e32 -> 
  custom:video-decoder-ogg-theora: a1e56fd34408186e4bbccfd4996cb3dc -> 
  custom:container-muxer-webm: aa71ff27fc2769a1b78a27578f13a17b -> 
  custom:container-demuxer-webm: 4f35f7cbe854078d1ac9338744f61a02 -> 
  custom:container-demuxer-ogg: 62fdf1f143b41e24485cea50d1cbac27 -> 
  custom:video-encoder-webm-vp8: eb34c28f22e8b96e1ab97ce403110664 -> 
  custom:video-codec-MediaFoundation-h265: 746d11721c4dcdbdad8f713fa42b33f4 -> 
  custom:video-decoder-webm-vp8: 9c59270c3fd7afecdb556c50c9e8de78 -> 
  custom:audio-decoder-ogg-vorbis: bf7c407c2cedff20999df2af8eb42d56 -> 
  custom:audio-encoder-webm-vorbis: bf7c407c2cedff20999df2af8eb42d56 -> 
========================================================================
Received Prepare
Refreshing native plugins compatible for Editor in 9.71 ms, found 4 plugins.
Preloading 0 native plugins for Editor in 0.00 ms.
Unloading 18 Unused Serialized files (Serialized files now loaded: 0)
System memory in use before: 61.9 MB.
System memory in use after: 62.1 MB.

Unloading 18 unused Assets to reduce memory usage. Loaded Objects now: 3963.
Total: 5.866900 ms (FindLiveObjects: 0.378400 ms CreateObjectMapping: 0.110900 ms MarkObjects: 5.348000 ms  DeleteObjects: 0.028200 ms)

AssetImportParameters requested are different than current active one (requested -> active):
  custom:framework-win-MediaFoundation: 216162199b28c13a410421893ffa2e32 -> 
  custom:video-decoder-ogg-theora: a1e56fd34408186e4bbccfd4996cb3dc -> 
  custom:container-muxer-webm: aa71ff27fc2769a1b78a27578f13a17b -> 
  custom:container-demuxer-webm: 4f35f7cbe854078d1ac9338744f61a02 -> 
  custom:container-demuxer-ogg: 62fdf1f143b41e24485cea50d1cbac27 -> 
  custom:video-encoder-webm-vp8: eb34c28f22e8b96e1ab97ce403110664 -> 
  custom:video-codec-MediaFoundation-h265: 746d11721c4dcdbdad8f713fa42b33f4 -> 
  custom:video-decoder-webm-vp8: 9c59270c3fd7afecdb556c50c9e8de78 -> 
  custom:audio-decoder-ogg-vorbis: bf7c407c2cedff20999df2af8eb42d56 -> 
  custom:audio-encoder-webm-vorbis: bf7c407c2cedff20999df2af8eb42d56 -> 
========================================================================
Received Prepare
Refreshing native plugins compatible for Editor in 11.18 ms, found 4 plugins.
Preloading 0 native plugins for Editor in 0.00 ms.
Unloading 18 Unused Serialized files (Serialized files now loaded: 0)
System memory in use before: 61.9 MB.
System memory in use after: 62.1 MB.

Unloading 18 unused Assets to reduce memory usage. Loaded Objects now: 3963.
Total: 5.336000 ms (FindLiveObjects: 0.441800 ms CreateObjectMapping: 0.148600 ms MarkObjects: 4.720000 ms  DeleteObjects: 0.024200 ms)

AssetImportParameters requested are different than current active one (requested -> active):
  custom:framework-win-MediaFoundation: 216162199b28c13a410421893ffa2e32 -> 
  custom:video-decoder-ogg-theora: a1e56fd34408186e4bbccfd4996cb3dc -> 
  custom:container-muxer-webm: aa71ff27fc2769a1b78a27578f13a17b -> 
  custom:container-demuxer-webm: 4f35f7cbe854078d1ac9338744f61a02 -> 
  custom:container-demuxer-ogg: 62fdf1f143b41e24485cea50d1cbac27 -> 
  custom:video-encoder-webm-vp8: eb34c28f22e8b96e1ab97ce403110664 -> 
  custom:video-codec-MediaFoundation-h265: 746d11721c4dcdbdad8f713fa42b33f4 -> 
  custom:video-decoder-webm-vp8: 9c59270c3fd7afecdb556c50c9e8de78 -> 
  custom:audio-decoder-ogg-vorbis: bf7c407c2cedff20999df2af8eb42d56 -> 
  custom:audio-encoder-webm-vorbis: bf7c407c2cedff20999df2af8eb42d56 -> 
========================================================================
Received Import Request.
  Time since last request: 8390.923779 seconds.
  path: Assets/Scenes/SampleScene.unity
  artifactKey: Guid(9fc0d4010bbf28b4594072e72b8655ab) Importer(2089858483,934ff659095e30574adcf32a4c2f97b5)
Start importing Assets/Scenes/SampleScene.unity using Guid(9fc0d4010bbf28b4594072e72b8655ab) Importer(2089858483,934ff659095e30574adcf32a4c2f97b5)  -> (artifact id: '83c4b8312acb438706c31095a09e6a2c') in 0.009551 seconds 
========================================================================
Received Import Request.
  Time since last request: 592.248056 seconds.
  path: Assets/Music/Bloo Passport 1.wav
  artifactKey: Guid(3a4745b76b6ceef45a18807bbe647cff) Importer(815301076,1909f56bfc062723c751e8b465ee728b)
Start importing Assets/Music/Bloo Passport 1.wav using Guid(3a4745b76b6ceef45a18807bbe647cff) Importer(815301076,1909f56bfc062723c751e8b465ee728b)  -> (artifact id: 'a4871c20c402174407b43bd9804bbc9c') in 0.100657 seconds 
========================================================================
Received Import Request.
  Time since last request: 0.926262 seconds.
  path: Assets/Music/Bloo Passport 1.wav
  artifactKey: Guid(3a4745b76b6ceef45a18807bbe647cff) Importer(2089858483,934ff659095e30574adcf32a4c2f97b5)
Start importing Assets/Music/Bloo Passport 1.wav using Guid(3a4745b76b6ceef45a18807bbe647cff) Importer(2089858483,934ff659095e30574adcf32a4c2f97b5)  -> (artifact id: 'a0c7e2039f7e94bcc68e60a232b51d07') in 0.008709 seconds 
AssetImportWorkerClient::OnTransportError - code=2 error=End of file
