Using pre-set license
Built from '2021.1/staging' branch; Version is '2021.1.18f1 (25bdc3efbc2d) revision 2473411'; Using compiler version '192528614'; Build Type 'Release'
OS: 'Windows 10 Education; OS build 19042.1237; Version 2009; 64bit' Language: 'en' Physical Memory: 8037 MB
BatchMode: 1, IsHumanControllingUs: 0, StartBugReporterOnCrash: 0, Is64bit: 1, IsPro: 0

COMMAND LINE ARGUMENTS:
C:\Program Files\Unity\Hub\Editor\2021.1.18f1\Editor\Unity.exe
-adb2
-batchMode
-noUpm
-name
AssetImportWorker4
-projectPath
C:/temp/Assignment/Assignment
-logFile
Logs/AssetImportWorker4.log
-srvPort
60058
Successfully changed project path to: C:/temp/Assignment/Assignment
C:/temp/Assignment/Assignment
Using Asset Import Pipeline V2.
Refreshing native plugins compatible for Editor in 147.58 ms, found 4 plugins.
Preloading 0 native plugins for Editor in 0.00 ms.
Initialize engine version: 2021.1.18f1 (25bdc3efbc2d)
[Subsystems] Discovering subsystems at path C:/Program Files/Unity/Hub/Editor/2021.1.18f1/Editor/Data/Resources/UnitySubsystems
[Subsystems] Discovering subsystems at path C:/temp/Assignment/Assignment/Assets
GfxDevice: creating device client; threaded=0; jobified=0
Direct3D:
    Version:  Direct3D 11.0 [level 11.1]
    Renderer: Intel(R) HD Graphics 530 (ID=0x1912)
    Vendor:   Intel
    VRAM:     4018 MB
    Driver:   27.20.100.8783
Initialize mono
Mono path[0] = 'C:/Program Files/Unity/Hub/Editor/2021.1.18f1/Editor/Data/Managed'
Mono path[1] = 'C:/Program Files/Unity/Hub/Editor/2021.1.18f1/Editor/Data/MonoBleedingEdge/lib/mono/unityjit'
Mono config path = 'C:/Program Files/Unity/Hub/Editor/2021.1.18f1/Editor/Data/MonoBleedingEdge/etc'
Using monoOptions --debugger-agent=transport=dt_socket,embedding=1,server=y,suspend=n,address=127.0.0.1:56196
Begin MonoManager ReloadAssembly
Registering precompiled unity dll's ...
Register platform support module: C:/Program Files/Unity/Hub/Editor/2021.1.18f1/Editor/Data/PlaybackEngines/WebGLSupport/UnityEditor.WebGL.Extensions.dll
Register platform support module: C:/Program Files/Unity/Hub/Editor/2021.1.18f1/Editor/Data/PlaybackEngines/MacStandaloneSupport/UnityEditor.OSXStandalone.Extensions.dll
Register platform support module: C:/Program Files/Unity/Hub/Editor/2021.1.18f1/Editor/Data/PlaybackEngines/WindowsStandaloneSupport/UnityEditor.WindowsStandalone.Extensions.dll
Register platform support module: C:/Program Files/Unity/Hub/Editor/2021.1.18f1/Editor/Data/PlaybackEngines/LinuxStandaloneSupport/UnityEditor.LinuxStandalone.Extensions.dll
Registered in 0.006288 seconds.
Native extension for LinuxStandalone target not found
Native extension for WindowsStandalone target not found
Native extension for OSXStandalone target not found
Native extension for WebGL target not found
Refreshing native plugins compatible for Editor in 218.59 ms, found 4 plugins.
Preloading 0 native plugins for Editor in 0.00 ms.
Mono: successfully reloaded assembly
- Completed reload, in  3.075 seconds
Domain Reload Profiling:
	ReloadAssembly (3075ms)
		BeginReloadAssembly (89ms)
			ExecutionOrderSort (0ms)
			DisableScriptedObjects (0ms)
			BackupInstance (0ms)
			ReleaseScriptingObjects (0ms)
			CreateAndSetChildDomain (2ms)
		EndReloadAssembly (1065ms)
			LoadAssemblies (90ms)
			RebuildTransferFunctionScriptingTraits (0ms)
			SetupTypeCache (381ms)
			ReleaseScriptCaches (0ms)
			RebuildScriptCaches (64ms)
			SetupLoadedEditorAssemblies (514ms)
				LogAssemblyErrors (0ms)
				InitializePlatformSupportModulesInManaged (22ms)
				SetLoadedEditorAssemblies (1ms)
				RefreshPlugins (219ms)
				BeforeProcessingInitializeOnLoad (3ms)
				ProcessInitializeOnLoadAttributes (207ms)
				ProcessInitializeOnLoadMethodAttributes (62ms)
				AfterProcessingInitializeOnLoad (0ms)
				EditorAssembliesLoaded (0ms)
			ExecutionOrderSort2 (0ms)
			AwakeInstancesAfterBackupRestoration (0ms)
Platform modules already initialized, skipping
Registering precompiled user dll's ...
Registered in 0.013484 seconds.
Begin MonoManager ReloadAssembly
Symbol file LoadedFromMemory doesn't match image C:\temp\Assignment\Assignment\Library\PackageCache\com.unity.visualscripting@1.6.1\Editor\VisualScripting.Core\Dependencies\YamlDotNet\Unity.VisualScripting.YamlDotNet.dll
Symbol file LoadedFromMemory doesn't match image C:\temp\Assignment\Assignment\Library\PackageCache\com.unity.visualscripting@1.6.1\Editor\VisualScripting.Core\Dependencies\DotNetZip\Unity.VisualScripting.IonicZip.dll
Native extension for LinuxStandalone target not found
Native extension for WindowsStandalone target not found
Native extension for OSXStandalone target not found
Native extension for WebGL target not found
Refreshing native plugins compatible for Editor in 185.69 ms, found 4 plugins.
Preloading 0 native plugins for Editor in 0.00 ms.
Mono: successfully reloaded assembly
- Completed reload, in  4.665 seconds
Domain Reload Profiling:
	ReloadAssembly (4666ms)
		BeginReloadAssembly (319ms)
			ExecutionOrderSort (0ms)
			DisableScriptedObjects (8ms)
			BackupInstance (0ms)
			ReleaseScriptingObjects (0ms)
			CreateAndSetChildDomain (44ms)
		EndReloadAssembly (4156ms)
			LoadAssemblies (2065ms)
			RebuildTransferFunctionScriptingTraits (0ms)
			SetupTypeCache (887ms)
			ReleaseScriptCaches (2ms)
			RebuildScriptCaches (130ms)
			SetupLoadedEditorAssemblies (866ms)
				LogAssemblyErrors (0ms)
				InitializePlatformSupportModulesInManaged (16ms)
				SetLoadedEditorAssemblies (0ms)
				RefreshPlugins (186ms)
				BeforeProcessingInitializeOnLoad (113ms)
				ProcessInitializeOnLoadAttributes (521ms)
				ProcessInitializeOnLoadMethodAttributes (22ms)
				AfterProcessingInitializeOnLoad (8ms)
				EditorAssembliesLoaded (0ms)
			ExecutionOrderSort2 (0ms)
			AwakeInstancesAfterBackupRestoration (8ms)
Platform modules already initialized, skipping
========================================================================
Worker process is ready to serve import requests
Launched and connected shader compiler UnityShaderCompiler.exe after 0.41 seconds
Refreshing native plugins compatible for Editor in 1.82 ms, found 4 plugins.
Preloading 0 native plugins for Editor in 0.00 ms.
Unloading 3679 Unused Serialized files (Serialized files now loaded: 0)
System memory in use before: 136.4 MB.
System memory in use after: 136.6 MB.

Unloading 32 unused Assets to reduce memory usage. Loaded Objects now: 4127.
Total: 8.967900 ms (FindLiveObjects: 0.588200 ms CreateObjectMapping: 0.592500 ms MarkObjects: 7.684100 ms  DeleteObjects: 0.101600 ms)

AssetImportParameters requested are different than current active one (requested -> active):
  custom:framework-win-MediaFoundation: 216162199b28c13a410421893ffa2e32 -> 
  custom:video-decoder-ogg-theora: a1e56fd34408186e4bbccfd4996cb3dc -> 
  custom:container-muxer-webm: aa71ff27fc2769a1b78a27578f13a17b -> 
  custom:container-demuxer-webm: 4f35f7cbe854078d1ac9338744f61a02 -> 
  custom:container-demuxer-ogg: 62fdf1f143b41e24485cea50d1cbac27 -> 
  custom:video-encoder-webm-vp8: eb34c28f22e8b96e1ab97ce403110664 -> 
  custom:video-decoder-webm-vp8: 9c59270c3fd7afecdb556c50c9e8de78 -> 
  custom:audio-decoder-ogg-vorbis: bf7c407c2cedff20999df2af8eb42d56 -> 
  custom:audio-encoder-webm-vorbis: bf7c407c2cedff20999df2af8eb42d56 -> 
========================================================================
Received Import Request.
  path: Assets/Models/Worker.obj
  artifactKey: Guid(f47d3b33f7661ba4a9e6a8167dcfc42b) Importer(815301076,1909f56bfc062723c751e8b465ee728b)
Start importing Assets/Models/Worker.obj using Guid(f47d3b33f7661ba4a9e6a8167dcfc42b) Importer(815301076,1909f56bfc062723c751e8b465ee728b)  -> (artifact id: '6fba3387eda46b6d1d9b3bb04ed84ae5') in 1.547300 seconds 
========================================================================
Received Import Request.
  Time since last request: 0.000748 seconds.
  path: Assets/Models
  artifactKey: Guid(aeca31e3f86c4c24db18e6e3dfe271e9) Importer(815301076,1909f56bfc062723c751e8b465ee728b)
Start importing Assets/Models using Guid(aeca31e3f86c4c24db18e6e3dfe271e9) Importer(815301076,1909f56bfc062723c751e8b465ee728b)  -> (artifact id: '2d76ad66044ef7b69435e7064b6ed94a') in 0.015248 seconds 
========================================================================
Received Import Request.
  Time since last request: 103.143995 seconds.
  path: Assets/Models/Arm L.obj
  artifactKey: Guid(baa0d6e89745b9246af82564fb2d0c15) Importer(815301076,1909f56bfc062723c751e8b465ee728b)
Start importing Assets/Models/Arm L.obj using Guid(baa0d6e89745b9246af82564fb2d0c15) Importer(815301076,1909f56bfc062723c751e8b465ee728b)  -> (artifact id: '98b9c746cb5c91ea1e30afd1b5b87f5d') in 0.093302 seconds 
========================================================================
Received Import Request.
  Time since last request: 0.000302 seconds.
  path: Assets/Models/Arm R.obj
  artifactKey: Guid(4bde379817ae07145a98f5b14849144a) Importer(815301076,1909f56bfc062723c751e8b465ee728b)
Start importing Assets/Models/Arm R.obj using Guid(4bde379817ae07145a98f5b14849144a) Importer(815301076,1909f56bfc062723c751e8b465ee728b)  -> (artifact id: '1a8a238ac228aa7584cc8112d24bd751') in 0.045520 seconds 
========================================================================
Received Import Request.
  Time since last request: 0.000218 seconds.
  path: Assets/Models/worker.fbx
  artifactKey: Guid(a746cc7b404846248b308674b6e6e58e) Importer(815301076,1909f56bfc062723c751e8b465ee728b)
Start importing Assets/Models/worker.fbx using Guid(a746cc7b404846248b308674b6e6e58e) Importer(815301076,1909f56bfc062723c751e8b465ee728b)  -> (artifact id: 'd887deaf027236a2b54860371f1b1cdc') in 0.307621 seconds 
========================================================================
Received Import Request.
  Time since last request: 28.150687 seconds.
  path: Assets/Models/Worker.mtl
  artifactKey: Guid(552ff8903457c2a47ad258afd1c6cbb9) Importer(815301076,1909f56bfc062723c751e8b465ee728b)
Start importing Assets/Models/Worker.mtl using Guid(552ff8903457c2a47ad258afd1c6cbb9) Importer(815301076,1909f56bfc062723c751e8b465ee728b)  -> (artifact id: '99d3f196c02fe434338bd336ad22649b') in 0.007878 seconds 
========================================================================
Received Import Request.
  Time since last request: 49.441658 seconds.
  path: Assets
  artifactKey: Guid(00000000000000001000000000000000) Importer(815301076,1909f56bfc062723c751e8b465ee728b)
Start importing Assets using Guid(00000000000000001000000000000000) Importer(815301076,1909f56bfc062723c751e8b465ee728b)  -> (artifact id: '42d402b061de3733987d63b9cc3b64de') in 0.011716 seconds 
========================================================================
Received Import Request.
  Time since last request: 5.029393 seconds.
  path: Assets/Animations
  artifactKey: Guid(622dff893a40fa64d817d6daeb2b7a9c) Importer(815301076,1909f56bfc062723c751e8b465ee728b)
Start importing Assets/Animations using Guid(622dff893a40fa64d817d6daeb2b7a9c) Importer(815301076,1909f56bfc062723c751e8b465ee728b)  -> (artifact id: '06aef569915c829d33695ae55da259e2') in 0.011172 seconds 
========================================================================
Received Import Request.
  Time since last request: 79.620308 seconds.
  path: Assets/Animations/worker.controller
  artifactKey: Guid(84c11e4be8623ac47b15dddb9663670c) Importer(815301076,1909f56bfc062723c751e8b465ee728b)
Start importing Assets/Animations/worker.controller using Guid(84c11e4be8623ac47b15dddb9663670c) Importer(815301076,1909f56bfc062723c751e8b465ee728b)  -> (artifact id: '80349a8a93ac67340d78d53e8c60ab40') in 0.007776 seconds 
========================================================================
Received Import Request.
  Time since last request: 2.218943 seconds.
  path: Assets/Animations/Worker_Idle.anim
  artifactKey: Guid(2df8ad4fc52e1e943bb3865684898451) Importer(815301076,1909f56bfc062723c751e8b465ee728b)
Start importing Assets/Animations/Worker_Idle.anim using Guid(2df8ad4fc52e1e943bb3865684898451) Importer(815301076,1909f56bfc062723c751e8b465ee728b)  -> (artifact id: '837f3645add513ad2bf92e58fe750a6b') in 0.008879 seconds 
========================================================================
Received Import Request.
  Time since last request: 6.819615 seconds.
  path: Assets/Models/Arm L.mtl
  artifactKey: Guid(7c5c4a4d42b492c49b34b7fa91231baf) Importer(815301076,1909f56bfc062723c751e8b465ee728b)
Start importing Assets/Models/Arm L.mtl using Guid(7c5c4a4d42b492c49b34b7fa91231baf) Importer(815301076,1909f56bfc062723c751e8b465ee728b)  -> (artifact id: '83bebee32930f0b08b93bbca0a030cb9') in 0.003618 seconds 
========================================================================
Received Import Request.
  Time since last request: 26.447507 seconds.
  path: Assets/Models/Head.fbx
  artifactKey: Guid(e02df4fa780730c44980e5a2efdce505) Importer(815301076,1909f56bfc062723c751e8b465ee728b)
Start importing Assets/Models/Head.fbx using Guid(e02df4fa780730c44980e5a2efdce505) Importer(815301076,1909f56bfc062723c751e8b465ee728b)  -> (artifact id: '66a7d4d798c952e7e3cf3185b867da04') in 0.079454 seconds 
========================================================================
Received Import Request.
  Time since last request: 81.049767 seconds.
  path: Assets/Models/Head.fbx
  artifactKey: Guid(e02df4fa780730c44980e5a2efdce505) Importer(815301076,1909f56bfc062723c751e8b465ee728b)
Start importing Assets/Models/Head.fbx using Guid(e02df4fa780730c44980e5a2efdce505) Importer(815301076,1909f56bfc062723c751e8b465ee728b)  -> (artifact id: '4e27a838cd817892c1fdd054af62e1e5') in 0.172096 seconds 
========================================================================
Received Import Request.
  Time since last request: 128.198574 seconds.
  path: Assets/Models/Head.fbx
  artifactKey: Guid(e02df4fa780730c44980e5a2efdce505) Importer(815301076,1909f56bfc062723c751e8b465ee728b)
Start importing Assets/Models/Head.fbx using Guid(e02df4fa780730c44980e5a2efdce505) Importer(815301076,1909f56bfc062723c751e8b465ee728b)  -> (artifact id: '6355acfb0ac47deb6daa8a490dbaa0ad') in 0.071626 seconds 
========================================================================
Received Import Request.
  Time since last request: 37.107840 seconds.
  path: Assets/Models/Worker.fbx
  artifactKey: Guid(a746cc7b404846248b308674b6e6e58e) Importer(815301076,1909f56bfc062723c751e8b465ee728b)
Start importing Assets/Models/Worker.fbx using Guid(a746cc7b404846248b308674b6e6e58e) Importer(815301076,1909f56bfc062723c751e8b465ee728b)  -> (artifact id: '69349a91e50e6ac7547d283daebd6194') in 0.198734 seconds 
========================================================================
Received Import Request.
  Time since last request: 1862.433674 seconds.
  path: Assets/Animations/Worker_idle.anim
  artifactKey: Guid(2df8ad4fc52e1e943bb3865684898451) Importer(815301076,1909f56bfc062723c751e8b465ee728b)
Start importing Assets/Animations/Worker_idle.anim using Guid(2df8ad4fc52e1e943bb3865684898451) Importer(815301076,1909f56bfc062723c751e8b465ee728b)  -> (artifact id: 'f256dc62402bf4bfb826241845c61152') in 0.029612 seconds 
========================================================================
Received Prepare
Registering precompiled user dll's ...
Registered in 0.086492 seconds.
Begin MonoManager ReloadAssembly
Symbol file LoadedFromMemory doesn't match image C:\temp\Assignment\Assignment\Library\PackageCache\com.unity.visualscripting@1.6.1\Editor\VisualScripting.Core\Dependencies\YamlDotNet\Unity.VisualScripting.YamlDotNet.dll
Symbol file LoadedFromMemory doesn't match image C:\temp\Assignment\Assignment\Library\PackageCache\com.unity.visualscripting@1.6.1\Editor\VisualScripting.Core\Dependencies\DotNetZip\Unity.VisualScripting.IonicZip.dll
Native extension for LinuxStandalone target not found
Native extension for WindowsStandalone target not found
Native extension for OSXStandalone target not found
Native extension for WebGL target not found
Refreshing native plugins compatible for Editor in 1.05 ms, found 4 plugins.
Preloading 0 native plugins for Editor in 0.00 ms.
Mono: successfully reloaded assembly
- Completed reload, in  3.562 seconds
Domain Reload Profiling:
	ReloadAssembly (3562ms)
		BeginReloadAssembly (195ms)
			ExecutionOrderSort (0ms)
			DisableScriptedObjects (8ms)
			BackupInstance (0ms)
			ReleaseScriptingObjects (0ms)
			CreateAndSetChildDomain (63ms)
		EndReloadAssembly (3279ms)
			LoadAssemblies (140ms)
			RebuildTransferFunctionScriptingTraits (0ms)
			SetupTypeCache (586ms)
			ReleaseScriptCaches (2ms)
			RebuildScriptCaches (60ms)
			SetupLoadedEditorAssemblies (2357ms)
				LogAssemblyErrors (0ms)
				InitializePlatformSupportModulesInManaged (12ms)
				SetLoadedEditorAssemblies (1ms)
				RefreshPlugins (1ms)
				BeforeProcessingInitializeOnLoad (105ms)
				ProcessInitializeOnLoadAttributes (2210ms)
				ProcessInitializeOnLoadMethodAttributes (16ms)
				AfterProcessingInitializeOnLoad (10ms)
				EditorAssembliesLoaded (0ms)
			ExecutionOrderSort2 (0ms)
			AwakeInstancesAfterBackupRestoration (16ms)
Platform modules already initialized, skipping
Refreshing native plugins compatible for Editor in 1.17 ms, found 4 plugins.
Preloading 0 native plugins for Editor in 0.00 ms.
Unloading 3669 Unused Serialized files (Serialized files now loaded: 0)
System memory in use before: 140.5 MB.
System memory in use after: 140.7 MB.

Unloading 20 unused Assets to reduce memory usage. Loaded Objects now: 4173.
Total: 5.956100 ms (FindLiveObjects: 0.364000 ms CreateObjectMapping: 0.527200 ms MarkObjects: 5.022000 ms  DeleteObjects: 0.041700 ms)

AssetImportParameters requested are different than current active one (requested -> active):
  custom:framework-win-MediaFoundation: 216162199b28c13a410421893ffa2e32 -> 
  custom:video-decoder-ogg-theora: a1e56fd34408186e4bbccfd4996cb3dc -> 
  custom:container-muxer-webm: aa71ff27fc2769a1b78a27578f13a17b -> 
  custom:container-demuxer-webm: 4f35f7cbe854078d1ac9338744f61a02 -> 
  custom:container-demuxer-ogg: 62fdf1f143b41e24485cea50d1cbac27 -> 
  custom:video-encoder-webm-vp8: eb34c28f22e8b96e1ab97ce403110664 -> 
  custom:video-decoder-webm-vp8: 9c59270c3fd7afecdb556c50c9e8de78 -> 
  custom:audio-decoder-ogg-vorbis: bf7c407c2cedff20999df2af8eb42d56 -> 
  custom:audio-encoder-webm-vorbis: bf7c407c2cedff20999df2af8eb42d56 -> 
========================================================================
Received Prepare
Registering precompiled user dll's ...
Registered in 0.008086 seconds.
Begin MonoManager ReloadAssembly
Symbol file LoadedFromMemory doesn't match image C:\temp\Assignment\Assignment\Library\PackageCache\com.unity.visualscripting@1.6.1\Editor\VisualScripting.Core\Dependencies\YamlDotNet\Unity.VisualScripting.YamlDotNet.dll
Symbol file LoadedFromMemory doesn't match image C:\temp\Assignment\Assignment\Library\PackageCache\com.unity.visualscripting@1.6.1\Editor\VisualScripting.Core\Dependencies\DotNetZip\Unity.VisualScripting.IonicZip.dll
Native extension for LinuxStandalone target not found
Native extension for WindowsStandalone target not found
Native extension for OSXStandalone target not found
Native extension for WebGL target not found
Refreshing native plugins compatible for Editor in 0.86 ms, found 4 plugins.
Preloading 0 native plugins for Editor in 0.00 ms.
Mono: successfully reloaded assembly
- Completed reload, in  2.090 seconds
Domain Reload Profiling:
	ReloadAssembly (2090ms)
		BeginReloadAssembly (201ms)
			ExecutionOrderSort (0ms)
			DisableScriptedObjects (15ms)
			BackupInstance (0ms)
			ReleaseScriptingObjects (0ms)
			CreateAndSetChildDomain (57ms)
		EndReloadAssembly (1797ms)
			LoadAssemblies (142ms)
			RebuildTransferFunctionScriptingTraits (0ms)
			SetupTypeCache (462ms)
			ReleaseScriptCaches (1ms)
			RebuildScriptCaches (59ms)
			SetupLoadedEditorAssemblies (1026ms)
				LogAssemblyErrors (0ms)
				InitializePlatformSupportModulesInManaged (10ms)
				SetLoadedEditorAssemblies (0ms)
				RefreshPlugins (1ms)
				BeforeProcessingInitializeOnLoad (85ms)
				ProcessInitializeOnLoadAttributes (913ms)
				ProcessInitializeOnLoadMethodAttributes (9ms)
				AfterProcessingInitializeOnLoad (8ms)
				EditorAssembliesLoaded (0ms)
			ExecutionOrderSort2 (0ms)
			AwakeInstancesAfterBackupRestoration (12ms)
Platform modules already initialized, skipping
Refreshing native plugins compatible for Editor in 0.80 ms, found 4 plugins.
Preloading 0 native plugins for Editor in 0.00 ms.
Unloading 3669 Unused Serialized files (Serialized files now loaded: 0)
System memory in use before: 140.5 MB.
System memory in use after: 140.8 MB.

Unloading 20 unused Assets to reduce memory usage. Loaded Objects now: 4176.
Total: 4.567000 ms (FindLiveObjects: 0.282700 ms CreateObjectMapping: 0.195100 ms MarkObjects: 4.060200 ms  DeleteObjects: 0.027100 ms)

AssetImportParameters requested are different than current active one (requested -> active):
  custom:framework-win-MediaFoundation: 216162199b28c13a410421893ffa2e32 -> 
  custom:video-decoder-ogg-theora: a1e56fd34408186e4bbccfd4996cb3dc -> 
  custom:container-muxer-webm: aa71ff27fc2769a1b78a27578f13a17b -> 
  custom:container-demuxer-webm: 4f35f7cbe854078d1ac9338744f61a02 -> 
  custom:container-demuxer-ogg: 62fdf1f143b41e24485cea50d1cbac27 -> 
  custom:video-encoder-webm-vp8: eb34c28f22e8b96e1ab97ce403110664 -> 
  custom:video-decoder-webm-vp8: 9c59270c3fd7afecdb556c50c9e8de78 -> 
  custom:audio-decoder-ogg-vorbis: bf7c407c2cedff20999df2af8eb42d56 -> 
  custom:audio-encoder-webm-vorbis: bf7c407c2cedff20999df2af8eb42d56 -> 
